<?xml version="1.0" encoding="UTF-8"?>
<testng-results ignored="0" total="1" passed="1" failed="0" skipped="0">
  <reporter-output>
  </reporter-output>
  <suite started-at="2023-02-13T02:20:58 IST" name="Suite" finished-at="2023-02-13T02:21:10 IST" duration-ms="11920">
    <groups>
    </groups>
    <test started-at="2023-02-13T02:20:58 IST" name="Test" finished-at="2023-02-13T02:21:10 IST" duration-ms="11920">
      <class name="testLayer.B_Login_Test">
        <test-method is-config="true" signature="start()[pri:0, instance:testLayer.B_Login_Test@1ea9f6af]" started-at="2023-02-13T02:20:58 IST" name="start" finished-at="2023-02-13T02:20:58 IST" duration-ms="354" status="PASS">
          <reporter-output>
          </reporter-output>
        </test-method> <!-- start -->
        <test-method is-config="true" signature="setUp(java.lang.String)[pri:0, instance:testLayer.B_Login_Test@1ea9f6af]" started-at="2023-02-13T02:20:58 IST" name="setUp" finished-at="2023-02-13T02:21:06 IST" duration-ms="7791" status="PASS">
          <params>
            <param index="0">
              <value>
                <![CDATA[chrome]]>
              </value>
            </param>
          </params>
          <reporter-output>
          </reporter-output>
        </test-method> <!-- setUp -->
        <test-method signature="loginTest()[pri:0, instance:testLayer.B_Login_Test@1ea9f6af]" started-at="2023-02-13T02:21:06 IST" name="loginTest" finished-at="2023-02-13T02:21:09 IST" duration-ms="3031" status="PASS">
          <reporter-output>
          </reporter-output>
        </test-method> <!-- loginTest -->
        <test-method is-config="true" signature="tearDown()[pri:0, instance:testLayer.B_Login_Test@1ea9f6af]" started-at="2023-02-13T02:21:09 IST" name="tearDown" finished-at="2023-02-13T02:21:10 IST" duration-ms="637" status="PASS">
          <reporter-output>
          </reporter-output>
        </test-method> <!-- tearDown -->
        <test-method is-config="true" signature="end()[pri:0, instance:testLayer.B_Login_Test@1ea9f6af]" started-at="2023-02-13T02:21:10 IST" name="end" finished-at="2023-02-13T02:21:10 IST" duration-ms="3" status="PASS">
          <reporter-output>
          </reporter-output>
        </test-method> <!-- end -->
      </class> <!-- testLayer.B_Login_Test -->
    </test> <!-- Test -->
  </suite> <!-- Suite -->
</testng-results>
